build/app/intermediates/manifest_merge_blame_file/debug/manifest-merger-blame-debug-report.txt
1<?xml version="1.0" encoding="utf-8"?>
2<manifest xmlns:android="http://schemas.android.com/apk/res/android"
3    package="com.starn22.aketei"
4    android:versionCode="4"
5    android:versionName="4.0.0" >
6
7    <uses-sdk
8        android:minSdkVersion="21"
9        android:targetSdkVersion="33" />
10    <!--
11         Flutter needs it to communicate with the running application
12         to allow setting breakpoints, to provide hot reload, etc.
13    -->
14    <uses-permission android:name="android.permission.INTERNET" />
14-->src/main/AndroidManifest.xml:4:5-67
14-->src/main/AndroidManifest.xml:4:22-64
15    <uses-permission android:name="android.permission.ACCESS_FINE_LOCATION" />
15-->src/main/AndroidManifest.xml:5:5-79
15-->src/main/AndroidManifest.xml:5:22-76
16    <uses-permission android:name="android.permission.ACCESS_COARSE_LOCATION" />
16-->src/main/AndroidManifest.xml:6:5-81
16-->src/main/AndroidManifest.xml:6:22-78
17    <uses-permission android:name="android.permission.QUERY_ALL_PACKAGES" />
17-->src/main/AndroidManifest.xml:7:5-77
17-->src/main/AndroidManifest.xml:7:22-74
18
19    <queries>
19-->src/main/AndroidManifest.xml:8:5-12:15
20        <intent>
20-->src/main/AndroidManifest.xml:9:9-11:18
21            <action android:name="android.intent.action.MAIN" />
21-->src/main/AndroidManifest.xml:10:13-65
21-->src/main/AndroidManifest.xml:10:21-62
22        </intent>
23
24        <package android:name="com.instagram.android" /> <!-- Needs to be explicitly declared on Android R+ -->
24-->[:flutter_share_me] AndroidManifest.xml:11:9-57
24-->[:flutter_share_me] AndroidManifest.xml:11:18-54
25        <package android:name="com.google.android.apps.maps" />
25-->[com.google.android.gms:play-services-maps:18.0.2] AndroidManifest.xml:33:9-64
25-->[com.google.android.gms:play-services-maps:18.0.2] AndroidManifest.xml:33:18-61
26    </queries>
27
28    <uses-permission android:name="android.permission.FOREGROUND_SERVICE" />
28-->[:geolocator_android] AndroidManifest.xml:7:5-77
28-->[:geolocator_android] AndroidManifest.xml:7:22-74
29    <uses-permission android:name="android.permission.ACCESS_NETWORK_STATE" />
29-->[:connectivity_plus] AndroidManifest.xml:7:5-79
29-->[:connectivity_plus] AndroidManifest.xml:7:22-76
30    <uses-permission android:name="android.permission.WRITE_EXTERNAL_STORAGE" />
30-->[:flutter_share_me] AndroidManifest.xml:8:5-81
30-->[:flutter_share_me] AndroidManifest.xml:8:22-78
31    <uses-permission android:name="android.permission.READ_EXTERNAL_STORAGE" />
32    <uses-permission
32-->[com.mercadopago.android.px:checkout:4.53.2] AndroidManifest.xml:12:5-14:36
33        android:name="android.permission.VIBRATE"
33-->[com.mercadopago.android.px:checkout:4.53.2] AndroidManifest.xml:13:9-50
34        android:required="false" />
34-->[com.mercadopago.android.px:checkout:4.53.2] AndroidManifest.xml:14:9-33
35
36    <uses-feature
36-->[com.mercadopago.android.px:checkout:4.53.2] AndroidManifest.xml:16:5-18:36
37        android:name="android.hardware.location.gps"
37-->[com.mercadopago.android.px:checkout:4.53.2] AndroidManifest.xml:17:9-53
38        android:required="false" />
38-->[com.mercadopago.android.px:checkout:4.53.2] AndroidManifest.xml:18:9-33
39    <uses-feature
39-->[com.google.android.gms:play-services-maps:18.0.2] AndroidManifest.xml:26:5-28:35
40        android:glEsVersion="0x00020000"
40-->[com.google.android.gms:play-services-maps:18.0.2] AndroidManifest.xml:27:9-41
41        android:required="true" />
41-->[com.google.android.gms:play-services-maps:18.0.2] AndroidManifest.xml:28:9-32
42
43    <uses-permission android:name="com.google.android.finsky.permission.BIND_GET_INSTALL_REFERRER_SERVICE" />
43-->[com.android.installreferrer:installreferrer:1.0] AndroidManifest.xml:9:5-110
43-->[com.android.installreferrer:installreferrer:1.0] AndroidManifest.xml:9:22-107
44
45    <application
46        android:name="android.app.Application"
47        android:appComponentFactory="androidx.core.app.CoreComponentFactory"
47-->[androidx.core:core:1.8.0] AndroidManifest.xml:24:18-86
48        android:debuggable="true"
49        android:icon="@mipmap/launcher_icon"
50        android:label="Starn 22"
51        android:supportsRtl="true"
51-->[com.facebook.android:facebook-share:5.15.3] AndroidManifest.xml:28:18-44
52        android:usesCleartextTraffic="true" >
53        <meta-data
54            android:name="com.google.android.geo.API_KEY"
55            android:value="AIzaSyAn6rQa36T-Gvos7dd7KtvwdGl0EU42axM" />
56
57        <activity
58            android:name="com.starn22.aketei.MainActivity"
59            android:configChanges="orientation|keyboardHidden|keyboard|screenSize|smallestScreenSize|locale|layoutDirection|fontScale|screenLayout|density|uiMode"
60            android:exported="true"
61            android:hardwareAccelerated="true"
62            android:launchMode="singleTop"
63            android:theme="@style/LaunchTheme"
64            android:windowSoftInputMode="adjustResize" >
65
66            <!--
67                 Specifies an Android theme to apply to this Activity as soon as
68                 the Android process has started. This theme is visible to the user
69                 while the Flutter UI initializes. After that, this theme continues
70                 to determine the Window background behind the Flutter UI.
71            -->
72
73            <meta-data
74                android:name="io.flutter.embedding.android.NormalTheme"
75                android:resource="@style/NormalTheme" />
76
77            <intent-filter>
78                <action android:name="android.intent.action.MAIN" />
78-->src/main/AndroidManifest.xml:10:13-65
78-->src/main/AndroidManifest.xml:10:21-62
79
80                <category android:name="android.intent.category.LAUNCHER" />
81            </intent-filter>
82        </activity>
83        <activity
84            android:name="com.mercadopago.android.px.internal.features.checkout.CheckoutActivity"
85            android:exported="true"
86            android:label=""
87            android:launchMode="singleTask"
88            android:screenOrientation="sensorPortrait"
89            android:theme="@style/Theme.MercadoPagoTheme.NoActionBar"
90            android:windowSoftInputMode="adjustResize" >
91            <intent-filter>
92                <action android:name="android.intent.action.VIEW" />
92-->[com.facebook.android:facebook-common:5.15.3] AndroidManifest.xml:40:17-69
92-->[com.facebook.android:facebook-common:5.15.3] AndroidManifest.xml:40:25-66
93
94                <category android:name="android.intent.category.DEFAULT" />
94-->[com.facebook.android:facebook-common:5.15.3] AndroidManifest.xml:42:17-76
94-->[com.facebook.android:facebook-common:5.15.3] AndroidManifest.xml:42:27-73
95                <category android:name="android.intent.category.BROWSABLE" />
95-->[com.facebook.android:facebook-common:5.15.3] AndroidManifest.xml:43:17-78
95-->[com.facebook.android:facebook-common:5.15.3] AndroidManifest.xml:43:27-75
96
97                <data
97-->[com.facebook.android:facebook-common:5.15.3] AndroidManifest.xml:45:17-47:50
98                    android:host="px"
98-->[com.facebook.android:facebook-common:5.15.3] AndroidManifest.xml:46:21-56
99                    android:path="/one_tap"
100                    android:scheme="mercadopago" />
100-->[com.facebook.android:facebook-common:5.15.3] AndroidManifest.xml:47:21-47
101            </intent-filter>
102            <intent-filter>
103                <action android:name="android.intent.action.VIEW" />
103-->[com.facebook.android:facebook-common:5.15.3] AndroidManifest.xml:40:17-69
103-->[com.facebook.android:facebook-common:5.15.3] AndroidManifest.xml:40:25-66
104
105                <category android:name="android.intent.category.DEFAULT" />
105-->[com.facebook.android:facebook-common:5.15.3] AndroidManifest.xml:42:17-76
105-->[com.facebook.android:facebook-common:5.15.3] AndroidManifest.xml:42:27-73
106                <category android:name="android.intent.category.BROWSABLE" />
106-->[com.facebook.android:facebook-common:5.15.3] AndroidManifest.xml:43:17-78
106-->[com.facebook.android:facebook-common:5.15.3] AndroidManifest.xml:43:27-75
107
108                <data
108-->[com.facebook.android:facebook-common:5.15.3] AndroidManifest.xml:45:17-47:50
109                    android:host="px"
109-->[com.facebook.android:facebook-common:5.15.3] AndroidManifest.xml:46:21-56
110                    android:path="/one_tap"
111                    android:scheme="meli" />
111-->[com.facebook.android:facebook-common:5.15.3] AndroidManifest.xml:47:21-47
112            </intent-filter>
113        </activity>
114        <!--
115             Don't delete the meta-data below.
116             This is used by the Flutter tool to generate GeneratedPluginRegistrant.java
117        -->
118        <meta-data
119            android:name="flutterEmbedding"
120            android:value="2" />
121
122        <service
122-->[:geolocator_android] AndroidManifest.xml:10:9-14:56
123            android:name="com.baseflow.geolocator.GeolocatorLocationService"
123-->[:geolocator_android] AndroidManifest.xml:11:13-77
124            android:enabled="true"
124-->[:geolocator_android] AndroidManifest.xml:12:13-35
125            android:exported="false"
125-->[:geolocator_android] AndroidManifest.xml:13:13-37
126            android:foregroundServiceType="location" />
126-->[:geolocator_android] AndroidManifest.xml:14:13-53
127
128        <provider
128-->[:image_picker_android] AndroidManifest.xml:8:9-16:20
129            android:name="io.flutter.plugins.imagepicker.ImagePickerFileProvider"
129-->[:image_picker_android] AndroidManifest.xml:9:13-82
130            android:authorities="com.starn22.aketei.flutter.image_provider"
130-->[:image_picker_android] AndroidManifest.xml:10:13-74
131            android:exported="false"
131-->[:image_picker_android] AndroidManifest.xml:11:13-37
132            android:grantUriPermissions="true" >
132-->[:image_picker_android] AndroidManifest.xml:12:13-47
133            <meta-data
133-->[:image_picker_android] AndroidManifest.xml:13:13-15:75
134                android:name="android.support.FILE_PROVIDER_PATHS"
134-->[:image_picker_android] AndroidManifest.xml:14:17-67
135                android:resource="@xml/flutter_image_picker_file_paths" />
135-->[:image_picker_android] AndroidManifest.xml:15:17-72
136        </provider>
137
138        <activity
138-->[:url_launcher_android] AndroidManifest.xml:8:9-11:74
139            android:name="io.flutter.plugins.urllauncher.WebViewActivity"
139-->[:url_launcher_android] AndroidManifest.xml:9:13-74
140            android:exported="false"
140-->[:url_launcher_android] AndroidManifest.xml:10:13-37
141            android:theme="@android:style/Theme.NoTitleBar.Fullscreen" />
141-->[:url_launcher_android] AndroidManifest.xml:11:13-71
142
143        <provider
143-->[:flutter_share_me] AndroidManifest.xml:15:9-23:20
144            android:name="zhuoyuan.li.fluttershareme.util.ShareFileProvider"
144-->[:flutter_share_me] AndroidManifest.xml:16:13-77
145            android:authorities="com.starn22.aketei.provider"
145-->[:flutter_share_me] AndroidManifest.xml:17:13-60
146            android:exported="false"
146-->[:flutter_share_me] AndroidManifest.xml:18:13-37
147            android:grantUriPermissions="true" >
147-->[:flutter_share_me] AndroidManifest.xml:19:13-47
148            <meta-data
148-->[:image_picker_android] AndroidManifest.xml:13:13-15:75
149                android:name="android.support.FILE_PROVIDER_PATHS"
149-->[:image_picker_android] AndroidManifest.xml:14:17-67
150                android:resource="@xml/file_paths" />
150-->[:image_picker_android] AndroidManifest.xml:15:17-72
151        </provider>
152
153        <activity
153-->[com.mercadopago.android.px:checkout:4.53.2] AndroidManifest.xml:21:9-26:73
154            android:name="com.mercadopago.android.px.internal.features.payment_methods.PaymentMethodsActivity"
154-->[com.mercadopago.android.px:checkout:4.53.2] AndroidManifest.xml:22:13-111
155            android:exported="false"
155-->[com.mercadopago.android.px:checkout:4.53.2] AndroidManifest.xml:23:13-37
156            android:label="@string/px_title_activity_payment_methods"
156-->[com.mercadopago.android.px:checkout:4.53.2] AndroidManifest.xml:24:13-70
157            android:screenOrientation="sensorPortrait"
157-->[com.mercadopago.android.px:checkout:4.53.2] AndroidManifest.xml:25:13-55
158            android:theme="@style/Theme.MercadoPagoTheme.NoActionBar" />
158-->[com.mercadopago.android.px:checkout:4.53.2] AndroidManifest.xml:26:13-70
159        <activity
159-->[com.mercadopago.android.px:checkout:4.53.2] AndroidManifest.xml:27:9-32:73
160            android:name="com.mercadopago.android.px.internal.features.bank_deals.BankDealsActivity"
160-->[com.mercadopago.android.px:checkout:4.53.2] AndroidManifest.xml:28:13-101
161            android:exported="false"
161-->[com.mercadopago.android.px:checkout:4.53.2] AndroidManifest.xml:29:13-37
162            android:label="@string/px_title_activity_bank_deals"
162-->[com.mercadopago.android.px:checkout:4.53.2] AndroidManifest.xml:30:13-65
163            android:screenOrientation="sensorPortrait"
163-->[com.mercadopago.android.px:checkout:4.53.2] AndroidManifest.xml:31:13-55
164            android:theme="@style/Theme.MercadoPagoTheme.NoActionBar" />
164-->[com.mercadopago.android.px:checkout:4.53.2] AndroidManifest.xml:32:13-70
165        <activity
165-->[com.mercadopago.android.px:checkout:4.53.2] AndroidManifest.xml:33:9-38:73
166            android:name="com.mercadopago.android.px.internal.features.TermsAndConditionsActivity"
166-->[com.mercadopago.android.px:checkout:4.53.2] AndroidManifest.xml:34:13-99
167            android:exported="false"
167-->[com.mercadopago.android.px:checkout:4.53.2] AndroidManifest.xml:35:13-37
168            android:label="@string/px_title_activity_terms_and_conditions"
168-->[com.mercadopago.android.px:checkout:4.53.2] AndroidManifest.xml:36:13-75
169            android:screenOrientation="sensorPortrait"
169-->[com.mercadopago.android.px:checkout:4.53.2] AndroidManifest.xml:37:13-55
170            android:theme="@style/Theme.MercadoPagoTheme.NoActionBar" />
170-->[com.mercadopago.android.px:checkout:4.53.2] AndroidManifest.xml:38:13-70
171        <activity
171-->[com.mercadopago.android.px:checkout:4.53.2] AndroidManifest.xml:70:9-75:58
172            android:name="com.mercadopago.android.px.internal.features.guessing_card.GuessingCardActivity"
172-->[com.mercadopago.android.px:checkout:4.53.2] AndroidManifest.xml:71:13-107
173            android:exported="false"
173-->[com.mercadopago.android.px:checkout:4.53.2] AndroidManifest.xml:72:13-37
174            android:screenOrientation="sensorPortrait"
174-->[com.mercadopago.android.px:checkout:4.53.2] AndroidManifest.xml:73:13-55
175            android:theme="@style/Theme.MercadoPagoTheme.NoActionBar"
175-->[com.mercadopago.android.px:checkout:4.53.2] AndroidManifest.xml:74:13-70
176            android:windowSoftInputMode="adjustResize" />
176-->[com.mercadopago.android.px:checkout:4.53.2] AndroidManifest.xml:75:13-55
177        <activity
177-->[com.mercadopago.android.px:checkout:4.53.2] AndroidManifest.xml:76:9-80:73
178            android:name="com.mercadopago.android.px.internal.features.payment_vault.PaymentVaultActivity"
178-->[com.mercadopago.android.px:checkout:4.53.2] AndroidManifest.xml:77:13-107
179            android:exported="false"
179-->[com.mercadopago.android.px:checkout:4.53.2] AndroidManifest.xml:78:13-37
180            android:screenOrientation="sensorPortrait"
180-->[com.mercadopago.android.px:checkout:4.53.2] AndroidManifest.xml:79:13-55
181            android:theme="@style/Theme.MercadoPagoTheme.NoActionBar" />
181-->[com.mercadopago.android.px:checkout:4.53.2] AndroidManifest.xml:80:13-70
182        <activity
182-->[com.mercadopago.android.px:checkout:4.53.2] AndroidManifest.xml:81:9-85:73
183            android:name="com.mercadopago.android.px.internal.features.installments.InstallmentsActivity"
183-->[com.mercadopago.android.px:checkout:4.53.2] AndroidManifest.xml:82:13-106
184            android:exported="false"
184-->[com.mercadopago.android.px:checkout:4.53.2] AndroidManifest.xml:83:13-37
185            android:screenOrientation="sensorPortrait"
185-->[com.mercadopago.android.px:checkout:4.53.2] AndroidManifest.xml:84:13-55
186            android:theme="@style/Theme.MercadoPagoTheme.NoActionBar" />
186-->[com.mercadopago.android.px:checkout:4.53.2] AndroidManifest.xml:85:13-70
187        <activity
187-->[com.mercadopago.android.px:checkout:4.53.2] AndroidManifest.xml:86:9-90:73
188            android:name="com.mercadopago.android.px.internal.features.IssuersActivity"
188-->[com.mercadopago.android.px:checkout:4.53.2] AndroidManifest.xml:87:13-88
189            android:exported="false"
189-->[com.mercadopago.android.px:checkout:4.53.2] AndroidManifest.xml:88:13-37
190            android:screenOrientation="sensorPortrait"
190-->[com.mercadopago.android.px:checkout:4.53.2] AndroidManifest.xml:89:13-55
191            android:theme="@style/Theme.MercadoPagoTheme.NoActionBar" />
191-->[com.mercadopago.android.px:checkout:4.53.2] AndroidManifest.xml:90:13-70
192        <activity
192-->[com.mercadopago.android.px:checkout:4.53.2] AndroidManifest.xml:91:9-95:73
193            android:name="com.mercadopago.android.px.internal.features.cardvault.CardVaultActivity"
193-->[com.mercadopago.android.px:checkout:4.53.2] AndroidManifest.xml:92:13-100
194            android:exported="false"
194-->[com.mercadopago.android.px:checkout:4.53.2] AndroidManifest.xml:93:13-37
195            android:screenOrientation="sensorPortrait"
195-->[com.mercadopago.android.px:checkout:4.53.2] AndroidManifest.xml:94:13-55
196            android:theme="@style/Theme.MercadoPagoTheme.NoActionBar" />
196-->[com.mercadopago.android.px:checkout:4.53.2] AndroidManifest.xml:95:13-70
197        <activity
197-->[com.mercadopago.android.px:checkout:4.53.2] AndroidManifest.xml:96:9-100:73
198            android:name="com.mercadopago.android.px.internal.features.ErrorActivity"
198-->[com.mercadopago.android.px:checkout:4.53.2] AndroidManifest.xml:97:13-86
199            android:exported="false"
199-->[com.mercadopago.android.px:checkout:4.53.2] AndroidManifest.xml:98:13-37
200            android:screenOrientation="sensorPortrait"
200-->[com.mercadopago.android.px:checkout:4.53.2] AndroidManifest.xml:99:13-55
201            android:theme="@style/Theme.MercadoPagoTheme.NoActionBar" />
201-->[com.mercadopago.android.px:checkout:4.53.2] AndroidManifest.xml:100:13-70
202        <activity
202-->[com.mercadopago.android.px:checkout:4.53.2] AndroidManifest.xml:101:9-106:73
203            android:name="com.mercadopago.android.px.internal.features.payment_result.PaymentResultActivity"
203-->[com.mercadopago.android.px:checkout:4.53.2] AndroidManifest.xml:102:13-109
204            android:exported="false"
204-->[com.mercadopago.android.px:checkout:4.53.2] AndroidManifest.xml:103:13-37
205            android:label=""
205-->[com.mercadopago.android.px:checkout:4.53.2] AndroidManifest.xml:104:13-29
206            android:screenOrientation="sensorPortrait"
206-->[com.mercadopago.android.px:checkout:4.53.2] AndroidManifest.xml:105:13-55
207            android:theme="@style/Theme.MercadoPagoTheme.NoActionBar" />
207-->[com.mercadopago.android.px:checkout:4.53.2] AndroidManifest.xml:106:13-70
208        <activity
208-->[com.mercadopago.android.px:checkout:4.53.2] AndroidManifest.xml:107:9-113:58
209            android:name="com.mercadopago.android.px.internal.features.SecurityCodeActivity"
209-->[com.mercadopago.android.px:checkout:4.53.2] AndroidManifest.xml:108:13-93
210            android:exported="false"
210-->[com.mercadopago.android.px:checkout:4.53.2] AndroidManifest.xml:109:13-37
211            android:label=""
211-->[com.mercadopago.android.px:checkout:4.53.2] AndroidManifest.xml:110:13-29
212            android:screenOrientation="sensorPortrait"
212-->[com.mercadopago.android.px:checkout:4.53.2] AndroidManifest.xml:111:13-55
213            android:theme="@style/Theme.MercadoPagoTheme.NoActionBar"
213-->[com.mercadopago.android.px:checkout:4.53.2] AndroidManifest.xml:112:13-70
214            android:windowSoftInputMode="stateVisible" />
214-->[com.mercadopago.android.px:checkout:4.53.2] AndroidManifest.xml:113:13-55
215        <activity
215-->[com.mercadopago.android.px:checkout:4.53.2] AndroidManifest.xml:114:9-118:73
216            android:name="com.mercadopago.android.px.internal.features.PaymentTypesActivity"
216-->[com.mercadopago.android.px:checkout:4.53.2] AndroidManifest.xml:115:13-93
217            android:exported="false"
217-->[com.mercadopago.android.px:checkout:4.53.2] AndroidManifest.xml:116:13-37
218            android:screenOrientation="sensorPortrait"
218-->[com.mercadopago.android.px:checkout:4.53.2] AndroidManifest.xml:117:13-55
219            android:theme="@style/Theme.MercadoPagoTheme.NoActionBar" />
219-->[com.mercadopago.android.px:checkout:4.53.2] AndroidManifest.xml:118:13-70
220        <activity
220-->[com.mercadopago.android.px:checkout:4.53.2] AndroidManifest.xml:119:9-123:73
221            android:name="com.mercadopago.android.px.internal.features.review_payment_methods.ReviewPaymentMethodsActivity"
221-->[com.mercadopago.android.px:checkout:4.53.2] AndroidManifest.xml:120:13-124
222            android:exported="false"
222-->[com.mercadopago.android.px:checkout:4.53.2] AndroidManifest.xml:121:13-37
223            android:screenOrientation="sensorPortrait"
223-->[com.mercadopago.android.px:checkout:4.53.2] AndroidManifest.xml:122:13-55
224            android:theme="@style/Theme.MercadoPagoTheme.NoActionBar" />
224-->[com.mercadopago.android.px:checkout:4.53.2] AndroidManifest.xml:123:13-70
225        <activity
225-->[com.mercadopago.android.px:checkout:4.53.2] AndroidManifest.xml:124:9-128:73
226            android:name="com.mercadopago.android.px.internal.features.payer_information.PayerInformationActivity"
226-->[com.mercadopago.android.px:checkout:4.53.2] AndroidManifest.xml:125:13-115
227            android:exported="false"
227-->[com.mercadopago.android.px:checkout:4.53.2] AndroidManifest.xml:126:13-37
228            android:screenOrientation="sensorPortrait"
228-->[com.mercadopago.android.px:checkout:4.53.2] AndroidManifest.xml:127:13-55
229            android:theme="@style/Theme.MercadoPagoTheme.NoActionBar" />
229-->[com.mercadopago.android.px:checkout:4.53.2] AndroidManifest.xml:128:13-70
230        <activity
230-->[com.mercadopago.android.px:checkout:4.53.2] AndroidManifest.xml:129:9-133:73
231            android:name="com.mercadopago.android.px.internal.features.plugins.PaymentProcessorActivity"
231-->[com.mercadopago.android.px:checkout:4.53.2] AndroidManifest.xml:130:13-105
232            android:exported="false"
232-->[com.mercadopago.android.px:checkout:4.53.2] AndroidManifest.xml:131:13-37
233            android:screenOrientation="sensorPortrait"
233-->[com.mercadopago.android.px:checkout:4.53.2] AndroidManifest.xml:132:13-55
234            android:theme="@style/Theme.MercadoPagoTheme.NoActionBar" />
234-->[com.mercadopago.android.px:checkout:4.53.2] AndroidManifest.xml:133:13-70
235        <activity
235-->[com.mercadopago.android.px:checkout:4.53.2] AndroidManifest.xml:134:9-139:73
236            android:name="com.mercadopago.android.px.internal.features.business_result.BusinessPaymentResultActivity"
236-->[com.mercadopago.android.px:checkout:4.53.2] AndroidManifest.xml:135:13-118
237            android:exported="false"
237-->[com.mercadopago.android.px:checkout:4.53.2] AndroidManifest.xml:136:13-37
238            android:label=""
238-->[com.mercadopago.android.px:checkout:4.53.2] AndroidManifest.xml:137:13-29
239            android:screenOrientation="sensorPortrait"
239-->[com.mercadopago.android.px:checkout:4.53.2] AndroidManifest.xml:138:13-55
240            android:theme="@style/Theme.MercadoPagoTheme.NoActionBar" />
240-->[com.mercadopago.android.px:checkout:4.53.2] AndroidManifest.xml:139:13-70
241        <activity
241-->[com.mercadopago.android.px:checkout:4.53.2] AndroidManifest.xml:140:9-144:73
242            android:name="com.mercadopago.android.px.internal.features.review_and_confirm.ReviewAndConfirmActivity"
242-->[com.mercadopago.android.px:checkout:4.53.2] AndroidManifest.xml:141:13-116
243            android:exported="false"
243-->[com.mercadopago.android.px:checkout:4.53.2] AndroidManifest.xml:142:13-37
244            android:screenOrientation="sensorPortrait"
244-->[com.mercadopago.android.px:checkout:4.53.2] AndroidManifest.xml:143:13-55
245            android:theme="@style/Theme.MercadoPagoTheme.NoActionBar" />
245-->[com.mercadopago.android.px:checkout:4.53.2] AndroidManifest.xml:144:13-70
246        <activity
246-->[com.mercadopago.android.px:checkout:4.53.2] AndroidManifest.xml:145:9-149:73
247            android:name="com.mercadopago.android.px.internal.features.bank_deal_detail.BankDealDetailActivity"
247-->[com.mercadopago.android.px:checkout:4.53.2] AndroidManifest.xml:146:13-112
248            android:exported="false"
248-->[com.mercadopago.android.px:checkout:4.53.2] AndroidManifest.xml:147:13-37
249            android:screenOrientation="sensorPortrait"
249-->[com.mercadopago.android.px:checkout:4.53.2] AndroidManifest.xml:148:13-55
250            android:theme="@style/Theme.MercadoPagoTheme.NoActionBar" />
250-->[com.mercadopago.android.px:checkout:4.53.2] AndroidManifest.xml:149:13-70
251        <activity
251-->[com.mercadopago.android.px:checkout:4.53.2] AndroidManifest.xml:150:9-154:62
252            android:name="com.mercadopago.android.px.internal.features.guessing_card.card_association_result.CardAssociationResultSuccessActivity"
252-->[com.mercadopago.android.px:checkout:4.53.2] AndroidManifest.xml:151:13-147
253            android:exported="false"
253-->[com.mercadopago.android.px:checkout:4.53.2] AndroidManifest.xml:152:13-37
254            android:screenOrientation="sensorPortrait"
254-->[com.mercadopago.android.px:checkout:4.53.2] AndroidManifest.xml:153:13-55
255            android:theme="@style/ToolbarTransparentTheme" />
255-->[com.mercadopago.android.px:checkout:4.53.2] AndroidManifest.xml:154:13-59
256        <activity
256-->[com.mercadopago.android.px:checkout:4.53.2] AndroidManifest.xml:155:9-159:62
257            android:name="com.mercadopago.android.px.internal.features.guessing_card.card_association_result.CardAssociationResultErrorActivity"
257-->[com.mercadopago.android.px:checkout:4.53.2] AndroidManifest.xml:156:13-145
258            android:exported="false"
258-->[com.mercadopago.android.px:checkout:4.53.2] AndroidManifest.xml:157:13-37
259            android:screenOrientation="sensorPortrait"
259-->[com.mercadopago.android.px:checkout:4.53.2] AndroidManifest.xml:158:13-55
260            android:theme="@style/ToolbarTransparentTheme" />
260-->[com.mercadopago.android.px:checkout:4.53.2] AndroidManifest.xml:159:13-59
261
262        <provider
262-->[com.mercadopago.android.px:checkout:4.53.2] AndroidManifest.xml:161:9-164:40
263            android:name="com.mercadopago.android.px.internal.di.PxCheckoutInitProvider"
263-->[com.mercadopago.android.px:checkout:4.53.2] AndroidManifest.xml:162:13-89
264            android:authorities="com.starn22.aketei.px.provider"
264-->[com.mercadopago.android.px:checkout:4.53.2] AndroidManifest.xml:163:13-63
265            android:exported="false" />
265-->[com.mercadopago.android.px:checkout:4.53.2] AndroidManifest.xml:164:13-37
266
267        <activity
267-->[com.mercadolibre.android:cardform:1.16.1] AndroidManifest.xml:15:9-20:20
268            android:name="com.mercadolibre.android.cardform.presentation.ui.CardFormActivity"
268-->[com.mercadolibre.android:cardform:1.16.1] AndroidManifest.xml:16:13-94
269            android:screenOrientation="sensorPortrait"
269-->[com.mercadolibre.android:cardform:1.16.1] AndroidManifest.xml:17:13-55
270            android:theme="@style/CardFormStyle"
270-->[com.mercadolibre.android:cardform:1.16.1] AndroidManifest.xml:18:13-49
271            android:windowSoftInputMode="adjustResize" >
271-->[com.mercadolibre.android:cardform:1.16.1] AndroidManifest.xml:19:13-55
272        </activity>
273        <activity
273-->[com.mercadolibre.android:cardform:1.16.1] AndroidManifest.xml:21:9-25:58
274            android:name="com.mercadolibre.android.cardform.presentation.ui.CardFormWebActivity"
274-->[com.mercadolibre.android:cardform:1.16.1] AndroidManifest.xml:22:13-97
275            android:screenOrientation="sensorPortrait"
275-->[com.mercadolibre.android:cardform:1.16.1] AndroidManifest.xml:23:13-55
276            android:theme="@style/CardFormStyle"
276-->[com.mercadolibre.android:cardform:1.16.1] AndroidManifest.xml:24:13-49
277            android:windowSoftInputMode="adjustResize" />
277-->[com.mercadolibre.android:cardform:1.16.1] AndroidManifest.xml:25:13-55
278        <activity android:name="com.mercadolibre.android.ui.activities.LayoutUtilsActivity" >
278-->[com.mercadolibre.android:ui_legacy:9.2.1] AndroidManifest.xml:12:9-13:20
278-->[com.mercadolibre.android:ui_legacy:9.2.1] AndroidManifest.xml:12:19-92
279        </activity>
280        <activity android:name="com.mercadolibre.android.ui.activities.MLImageTestActivity" />
280-->[com.mercadolibre.android:ui_legacy:9.2.1] AndroidManifest.xml:14:9-95
280-->[com.mercadolibre.android:ui_legacy:9.2.1] AndroidManifest.xml:14:19-92
281        <activity
281-->[com.facebook.android:facebook-common:5.15.3] AndroidManifest.xml:30:9-33:66
282            android:name="com.facebook.FacebookActivity"
282-->[com.facebook.android:facebook-common:5.15.3] AndroidManifest.xml:31:13-57
283            android:configChanges="keyboard|keyboardHidden|screenLayout|screenSize|orientation"